        -:    0:Source:pilhaD.cpp
        -:    0:Graph:pilhaD.gcno
        -:    0:Data:pilhaD.gcda
        -:    0:Runs:7
        -:    0:Programs:6
        -:    1:/*EOF*/
        -:    2:/*EOF*/
        -:    3:/*EOF*/
        -:    4:/*EOF*/
        -:    5:/*EOF*/
        -:    6:/*EOF*/
       61:    7:/*EOF*/
       61:    8:/*EOF*/
       61:    9:/*EOF*/
       61:   10:/*EOF*/
       61:   11:/*EOF*/
       61:   12:/*EOF*/
        -:   13:/*EOF*/
        -:   14:/*EOF*/
        -:   15:/*EOF*/
        7:   16:/*EOF*/
        7:   17:/*EOF*/
    #####:   18:/*EOF*/
    #####:   19:/*EOF*/
        -:   20:/*EOF*/
    #####:   21:/*EOF*/
    #####:   22:/*EOF*/
        -:   23:/*EOF*/
    #####:   24:/*EOF*/
    #####:   25:/*EOF*/
        -:   26:/*EOF*/
        7:   27:/*EOF*/
        -:   28:/*EOF*/
        7:   29:/*EOF*/
        -:   30:/*EOF*/
        -:   31:/*EOF*/
      109:   32:/*EOF*/
      109:   33:/*EOF*/
      109:   34:/*EOF*/
      109:   35:/*EOF*/
      109:   36:/*EOF*/
      109:   37:/*EOF*/
      109:   38:/*EOF*/
        -:   39:/*EOF*/
       63:   40:/*EOF*/
       63:   41:/*EOF*/
       63:   42:/*EOF*/
       63:   43:/*EOF*/
       63:   44:/*EOF*/
       63:   45:/*EOF*/
       63:   46:/*EOF*/
       63:   47:/*EOF*/
        -:   48:/*EOF*/
    #####:   49:/*EOF*/
        -:   50:/*EOF*/
        -:   51:/*EOF*/
        -:   52:/*EOF*/
        -:   53:/*EOF*/
       28:   54:/*EOF*/
       28:   55:/*EOF*/
    #####:   56:/*EOF*/
        -:   57:/*EOF*/
        -:   58:/*EOF*/
        -:   59:/*EOF*/
       28:   60:/*EOF*/
        -:   61:/*EOF*/
        -:   62:/*EOF*/
        -:   63:/*EOF*/
       33:   64:/*EOF*/
       33:   65:/*EOF*/
       64:   66:/*EOF*/
        -:   67:/*EOF*/
        1:   68:/*EOF*/
        -:   69:/*EOF*/
        -:   70:/*EOF*/
        -:   71:/*EOF*/
       13:   72:/*EOF*/
       13:   73:/*EOF*/
       13:   74:/*EOF*/
        -:   75:/*EOF*/
    #####:   76:/*EOF*/
        -:   77:/*EOF*/
        -:   78:/*EOF*/
        -:   79:/*EOF*/
        6:   80:/*EOF*/
        6:   81:/*EOF*/
        -:   82:/*EOF*/
        -:   83:/*EOF*/
        -:   84:/*EOF*/
        -:   85:/*EOF*/
       14:   86:/*EOF*/
       14:   87:/*EOF*/
        7:   88:/*EOF*/
        7:   89:/*EOF*/
        -:   90:/*EOF*/
        7:   91:/*EOF*/
       63:   92:/*EOF*/
       56:   93:/*EOF*/
        -:   94:/*EOF*/
        7:   95:/*EOF*/
        7:   96:/*EOF*/
        -:   97:/*EOF*/
       21:   98:/*EOF*/
