        -:    0:Source:pilhaS.cpp
        -:    0:Graph:pilhaS.gcno
        -:    0:Data:pilhaS.gcda
        -:    0:Runs:3
        -:    0:Programs:2
        -:    1:/*EOF*/
        -:    2:/*EOF*/
        -:    3:/*EOF*/
        -:    4:/*EOF*/
        -:    5:/*EOF*/
       27:    6:/*EOF*/
       27:    7:/*EOF*/
       27:    8:/*EOF*/
       27:    9:/*EOF*/
       27:   10:/*EOF*/
       27:   11:/*EOF*/
        -:   12:/*EOF*/
        -:   13:/*EOF*/
        3:   14:/*EOF*/
       12:   15:/*EOF*/
        9:   16:/*EOF*/
        -:   17:/*EOF*/
        3:   18:/*EOF*/
        3:   19:/*EOF*/
        3:   20:/*EOF*/
        -:   21:/*EOF*/
       93:   22:/*EOF*/
       93:   23:/*EOF*/
    #####:   24:/*EOF*/
        -:   25:/*EOF*/
       93:   26:/*EOF*/
       93:   27:/*EOF*/
       93:   28:/*EOF*/
        -:   29:/*EOF*/
       93:   30:/*EOF*/
        -:   31:/*EOF*/
       13:   32:/*EOF*/
       13:   33:/*EOF*/
    #####:   34:/*EOF*/
        -:   35:/*EOF*/
       13:   36:/*EOF*/
        -:   37:/*EOF*/
        -:   38:/*EOF*/
        -:   39:/*EOF*/
       12:   40:/*EOF*/
       12:   41:/*EOF*/
    #####:   42:/*EOF*/
        -:   43:/*EOF*/
       12:   44:/*EOF*/
       12:   45:/*EOF*/
       12:   46:/*EOF*/
        -:   47:/*EOF*/
        -:   48:/*EOF*/
        -:   49:/*EOF*/
       19:   50:/*EOF*/
       19:   51:/*EOF*/
        -:   52:/*EOF*/
        -:   53:/*EOF*/
        3:   54:/*EOF*/
        3:   55:/*EOF*/
        3:   56:/*EOF*/
        3:   57:/*EOF*/
        3:   58:/*EOF*/
        3:   59:/*EOF*/
        -:   60:/*EOF*/
        3:   61:/*EOF*/
        9:   62:/*EOF*/
