        -:    0:Source:teste_pilha.cpp
        -:    0:Graph:teste_pilha.gcno
        -:    0:Data:teste_pilha.gcda
        -:    0:Runs:2
        -:    0:Programs:1
        -:    1:/*EOF*/
        -:    2:/*EOF*/
        -:    3:/*EOF*/
        -:    4:/*EOF*/
        -:    5:/*EOF*/
        -:    6:/*EOF*/
        -:    7:/*EOF*/
        -:    8:/*EOF*/
        -:    9:/*EOF*/
        -:   10:/*EOF*/
        -:   11:/*EOF*/
        2:   12:/*EOF*/
        2:   13:/*EOF*/
        2:   14:/*EOF*/
        2:   15:/*EOF*/
        -:   16:/*EOF*/
        -:   17:/*EOF*/
        2:   18:/*EOF*/
        -:   19:/*EOF*/
        2:   20:/*EOF*/
        2:   21:/*EOF*/
        2:   22:/*EOF*/
        2:   23:/*EOF*/
        2:   24:/*EOF*/
        -:   25:/*EOF*/
        -:   26:/*EOF*/
    =====:   27:/*EOF*/
    =====:   28:/*EOF*/
        -:   29:/*EOF*/
        2:   30:/*EOF*/
        -:   31:/*EOF*/
        -:   32:/*EOF*/
        2:   33:/*EOF*/
        -:   34:/*EOF*/
        2:   35:/*EOF*/
        -:   36:/*EOF*/
        2:   37:/*EOF*/
        2:   38:/*EOF*/
        2:   39:/*EOF*/
        2:   40:/*EOF*/
        2:   41:/*EOF*/
        -:   42:/*EOF*/
        -:   43:/*EOF*/
    =====:   44:/*EOF*/
    =====:   45:/*EOF*/
        -:   46:/*EOF*/
        2:   47:/*EOF*/
        -:   48:/*EOF*/
        -:   49:/*EOF*/
        2:   50:/*EOF*/
        -:   51:/*EOF*/
        2:   52:/*EOF*/
        -:   53:/*EOF*/
        2:   54:/*EOF*/
        2:   55:/*EOF*/
        2:   56:/*EOF*/
        2:   57:/*EOF*/
        2:   58:/*EOF*/
        -:   59:/*EOF*/
        -:   60:/*EOF*/
    =====:   61:/*EOF*/
    =====:   62:/*EOF*/
        -:   63:/*EOF*/
        2:   64:/*EOF*/
        -:   65:/*EOF*/
        -:   66:/*EOF*/
        2:   67:/*EOF*/
        -:   68:/*EOF*/
        2:   69:/*EOF*/
        2:   70:/*EOF*/
        -:   71:/*EOF*/
        2:   72:/*EOF*/
        2:   73:/*EOF*/
        2:   74:/*EOF*/
        2:   75:/*EOF*/
        2:   76:/*EOF*/
        2:   77:/*EOF*/
        2:   78:/*EOF*/
        2:   79:/*EOF*/
        -:   80:/*EOF*/
        -:   81:/*EOF*/
        -:   82:/*EOF*/
    =====:   83:/*EOF*/
    =====:   84:/*EOF*/
        -:   85:/*EOF*/
        2:   86:/*EOF*/
        -:   87:/*EOF*/
        -:   88:/*EOF*/
        2:   89:/*EOF*/
        -:   90:/*EOF*/
        2:   91:/*EOF*/
        2:   92:/*EOF*/
        2:   93:/*EOF*/
        -:   94:/*EOF*/
        2:   95:/*EOF*/
        2:   96:/*EOF*/
        2:   97:/*EOF*/
        2:   98:/*EOF*/
        -:   99:/*EOF*/
        -:  100:/*EOF*/
    =====:  101:/*EOF*/
    =====:  102:/*EOF*/
        -:  103:/*EOF*/
        2:  104:/*EOF*/
        -:  105:/*EOF*/
        -:  106:/*EOF*/
        2:  107:/*EOF*/
        -:  108:/*EOF*/
        2:  109:/*EOF*/
        2:  110:/*EOF*/
        -:  111:/*EOF*/
        2:  112:/*EOF*/
        -:  113:/*EOF*/
        2:  114:/*EOF*/
       22:  115:/*EOF*/
       20:  116:/*EOF*/
        -:  117:/*EOF*/
        2:  118:/*EOF*/
        -:  119:/*EOF*/
        -:  120:/*EOF*/
        2:  121:/*EOF*/
        2:  122:/*EOF*/
        2:  123:/*EOF*/
        -:  124:/*EOF*/
        -:  125:/*EOF*/
        -:  126:/*EOF*/
    =====:  127:/*EOF*/
    =====:  128:/*EOF*/
        -:  129:/*EOF*/
        2:  130:/*EOF*/
        -:  131:/*EOF*/
        -:  132:/*EOF*/
        2:  133:/*EOF*/
        -:  134:/*EOF*/
        2:  135:/*EOF*/
        2:  136:/*EOF*/
        2:  137:/*EOF*/
        2:  138:/*EOF*/
        -:  139:/*EOF*/
        -:  140:/*EOF*/
    =====:  141:/*EOF*/
    =====:  142:/*EOF*/
        -:  143:/*EOF*/
        2:  144:/*EOF*/
        -:  145:/*EOF*/
        -:  146:/*EOF*/
        2:  147:/*EOF*/
        -:  148:/*EOF*/
        2:  149:/*EOF*/
        2:  150:/*EOF*/
        2:  151:/*EOF*/
        2:  152:/*EOF*/
        -:  153:/*EOF*/
        -:  154:/*EOF*/
    =====:  155:/*EOF*/
    =====:  156:/*EOF*/
        -:  157:/*EOF*/
        2:  158:/*EOF*/
        -:  159:/*EOF*/
        -:  160:/*EOF*/
        -:  161:/*EOF*/
        -:  162:/*EOF*/
        -:  163:/*EOF*/
        -:  164:/*EOF*/
        2:  165:/*EOF*/
        -:  166:/*EOF*/
        2:  167:/*EOF*/
        2:  168:/*EOF*/
        -:  169:/*EOF*/
    =====:  170:/*EOF*/
    =====:  171:/*EOF*/
    =====:  172:/*EOF*/
        -:  173:/*EOF*/
        2:  174:/*EOF*/
        -:  175:/*EOF*/
        -:  176:/*EOF*/
        2:  177:/*EOF*/
        -:  178:/*EOF*/
        2:  179:/*EOF*/
        2:  180:/*EOF*/
        2:  181:/*EOF*/
        2:  182:/*EOF*/
        -:  183:/*EOF*/
        -:  184:/*EOF*/
    =====:  185:/*EOF*/
    =====:  186:/*EOF*/
        -:  187:/*EOF*/
        2:  188:/*EOF*/
        -:  189:/*EOF*/
        -:  190:/*EOF*/
        2:  191:/*EOF*/
        -:  192:/*EOF*/
        2:  193:/*EOF*/
        2:  194:/*EOF*/
        -:  195:/*EOF*/
        2:  196:/*EOF*/
        2:  197:/*EOF*/
       42:  198:/*EOF*/
       20:  199:/*EOF*/
        -:  200:/*EOF*/
        2:  201:/*EOF*/
        2:  202:/*EOF*/
        -:  203:/*EOF*/
        -:  204:/*EOF*/
    =====:  205:/*EOF*/
    =====:  206:/*EOF*/
        -:  207:/*EOF*/
        2:  208:/*EOF*/
        -:  209:/*EOF*/
        -:  210:/*EOF*/
        2:  211:/*EOF*/
        -:  212:/*EOF*/
        2:  213:/*EOF*/
        2:  214:/*EOF*/
        -:  215:/*EOF*/
        2:  216:/*EOF*/
        2:  217:/*EOF*/
        2:  218:/*EOF*/
        2:  219:/*EOF*/
        -:  220:/*EOF*/
        -:  221:/*EOF*/
    =====:  222:/*EOF*/
    =====:  223:/*EOF*/
        -:  224:/*EOF*/
        2:  225:/*EOF*/
        -:  226:/*EOF*/
        -:  227:/*EOF*/
        2:  228:/*EOF*/
        -:  229:/*EOF*/
        2:  230:/*EOF*/
        2:  231:/*EOF*/
        -:  232:/*EOF*/
        2:  233:/*EOF*/
        2:  234:/*EOF*/
        2:  235:/*EOF*/
        2:  236:/*EOF*/
        2:  237:/*EOF*/
        2:  238:/*EOF*/
        2:  239:/*EOF*/
        2:  240:/*EOF*/
        -:  241:/*EOF*/
        -:  242:/*EOF*/
        -:  243:/*EOF*/
    =====:  244:/*EOF*/
    =====:  245:/*EOF*/
        -:  246:/*EOF*/
        2:  247:/*EOF*/
        -:  248:/*EOF*/
        -:  249:/*EOF*/
        2:  250:/*EOF*/
        -:  251:/*EOF*/
        2:  252:/*EOF*/
        2:  253:/*EOF*/
        -:  254:/*EOF*/
        2:  255:/*EOF*/
        2:  256:/*EOF*/
        2:  257:/*EOF*/
        2:  258:/*EOF*/
        -:  259:/*EOF*/
        -:  260:/*EOF*/
    =====:  261:/*EOF*/
    =====:  262:/*EOF*/
        -:  263:/*EOF*/
        2:  264:/*EOF*/
        -:  265:/*EOF*/
        -:  266:/*EOF*/
        2:  267:/*EOF*/
        -:  268:/*EOF*/
        2:  269:/*EOF*/
        2:  270:/*EOF*/
        -:  271:/*EOF*/
        2:  272:/*EOF*/
        2:  273:/*EOF*/
        2:  274:/*EOF*/
        2:  275:/*EOF*/
        2:  276:/*EOF*/
        -:  277:/*EOF*/
        -:  278:/*EOF*/
        -:  279:/*EOF*/
    =====:  280:/*EOF*/
    =====:  281:/*EOF*/
        -:  282:/*EOF*/
        2:  283:/*EOF*/
        -:  284:/*EOF*/
        -:  285:/*EOF*/
        2:  286:/*EOF*/
        -:  287:/*EOF*/
        2:  288:/*EOF*/
        2:  289:/*EOF*/
        -:  290:/*EOF*/
        2:  291:/*EOF*/
        -:  292:/*EOF*/
        2:  293:/*EOF*/
        2:  294:/*EOF*/
       22:  295:/*EOF*/
       20:  296:/*EOF*/
        -:  297:/*EOF*/
        2:  298:/*EOF*/
        2:  299:/*EOF*/
        2:  300:/*EOF*/
        2:  301:/*EOF*/
        -:  302:/*EOF*/
        -:  303:/*EOF*/
        -:  304:/*EOF*/
    =====:  305:/*EOF*/
    =====:  306:/*EOF*/
        -:  307:/*EOF*/
        2:  308:/*EOF*/
        -:  309:/*EOF*/
        -:  310:/*EOF*/
        2:  311:/*EOF*/
        -:  312:/*EOF*/
        2:  313:/*EOF*/
        2:  314:/*EOF*/
        -:  315:/*EOF*/
        2:  316:/*EOF*/
       12:  317:/*EOF*/
       10:  318:/*EOF*/
        -:  319:/*EOF*/
        2:  320:/*EOF*/
        2:  321:/*EOF*/
        -:  322:/*EOF*/
    =====:  323:/*EOF*/
    =====:  324:/*EOF*/
        -:  325:/*EOF*/
        2:  326:/*EOF*/
        -:  327:/*EOF*/
        -:  328:/*EOF*/
        -:  329:/*EOF*/
        -:  330:/*EOF*/
        4:  331:/*EOF*/
        -:  332:/*EOF*/
       38:  333:/*EOF*/
        2:  334:/*EOF*/
        2:  335:/*EOF*/
        2:  336:/*EOF*/
        2:  337:/*EOF*/
        2:  338:/*EOF*/
        2:  339:/*EOF*/
        2:  340:/*EOF*/
        2:  341:/*EOF*/
        2:  342:/*EOF*/
        -:  343:/*EOF*/
        4:  344:/*EOF*/
        -:  345:/*EOF*/
        2:  346:/*EOF*/
        2:  347:/*EOF*/
        2:  348:/*EOF*/
        2:  349:/*EOF*/
        2:  350:/*EOF*/
        2:  351:/*EOF*/
        2:  352:/*EOF*/
        2:  353:/*EOF*/
        2:  354:/*EOF*/
        8:  355:/*EOF*/
